{"C:\\Users\\Augustin\\Documents\\exo_paradigme\\packages\\1-POO\\app\\server.ts": {"path":"C:\\Users\\Augustin\\Documents\\exo_paradigme\\packages\\1-POO\\app\\server.ts","statementMap":{"0":{"start":{"line":1,"column":0},"end":{"line":1,"column":30}},"1":{"start":{"line":3,"column":15},"end":{"line":3,"column":24}},"2":{"start":{"line":4,"column":0},"end":{"line":4,"column":27}},"3":{"start":{"line":5,"column":0},"end":{"line":5,"column":22}}},"fnMap":{},"branchMap":{},"s":{"0":1,"1":1,"2":1,"3":1},"f":{},"b":{}}
,"C:\\Users\\Augustin\\Documents\\exo_paradigme\\packages\\1-POO\\app\\business\\UserBusiness.ts": {"path":"C:\\Users\\Augustin\\Documents\\exo_paradigme\\packages\\1-POO\\app\\business\\UserBusiness.ts","statementMap":{"0":{"start":{"line":3,"column":0},"end":{"line":3,"column":55}},"1":{"start":{"line":16,"column":4},"end":{"line":16,"column":33}},"2":{"start":{"line":26,"column":26},"end":{"line":26,"column":60}},"3":{"start":{"line":27,"column":29},"end":{"line":27,"column":69}},"4":{"start":{"line":28,"column":4},"end":{"line":30,"column":null}},"5":{"start":{"line":29,"column":6},"end":{"line":29,"column":44}},"6":{"start":{"line":31,"column":4},"end":{"line":31,"column":39}},"7":{"start":{"line":32,"column":4},"end":{"line":32,"column":11}},"8":{"start":{"line":40,"column":4},"end":{"line":40,"column":34}},"9":{"start":{"line":44,"column":0},"end":{"line":44,"column":28}}},"fnMap":{"0":{"name":"(anonymous_8)","decl":{"start":{"line":15,"column":2},"end":{"line":15,"column":14}},"loc":{"start":{"line":15,"column":41},"end":{"line":17,"column":3}}},"1":{"name":"(anonymous_9)","decl":{"start":{"line":25,"column":15},"end":{"line":25,"column":21}},"loc":{"start":{"line":25,"column":32},"end":{"line":33,"column":null}}},"2":{"name":"(anonymous_11)","decl":{"start":{"line":39,"column":15},"end":{"line":39,"column":21}},"loc":{"start":{"line":39,"column":21},"end":{"line":41,"column":null}}}},"branchMap":{"0":{"loc":{"start":{"line":28,"column":4},"end":{"line":30,"column":null}},"type":"if","locations":[{"start":{"line":28,"column":4},"end":{"line":30,"column":null}}]}},"s":{"0":1,"1":4,"2":4,"3":4,"4":4,"5":3,"6":1,"7":1,"8":0,"9":1},"f":{"0":4,"1":4,"2":0},"b":{"0":[3]}}
,"C:\\Users\\Augustin\\Documents\\exo_paradigme\\packages\\1-POO\\app\\business\\validators\\userValidator.ts": {"path":"C:\\Users\\Augustin\\Documents\\exo_paradigme\\packages\\1-POO\\app\\business\\validators\\userValidator.ts","statementMap":{"0":{"start":{"line":1,"column":0},"end":{"line":1,"column":34}},"1":{"start":{"line":10,"column":4},"end":{"line":10,"column":33}},"2":{"start":{"line":20,"column":37},"end":{"line":22,"column":6}},"3":{"start":{"line":24,"column":4},"end":{"line":29,"column":null}},"4":{"start":{"line":25,"column":6},"end":{"line":28,"column":8}},"5":{"start":{"line":31,"column":4},"end":{"line":36,"column":null}},"6":{"start":{"line":32,"column":6},"end":{"line":35,"column":8}},"7":{"start":{"line":38,"column":24},"end":{"line":38,"column":74}},"8":{"start":{"line":39,"column":4},"end":{"line":43,"column":8}},"9":{"start":{"line":40,"column":6},"end":{"line":43,"column":8}},"10":{"start":{"line":45,"column":4},"end":{"line":45,"column":18}},"11":{"start":{"line":49,"column":0},"end":{"line":49,"column":29}}},"fnMap":{"0":{"name":"(anonymous_8)","decl":{"start":{"line":9,"column":2},"end":{"line":9,"column":14}},"loc":{"start":{"line":9,"column":41},"end":{"line":11,"column":3}}},"1":{"name":"(anonymous_9)","decl":{"start":{"line":19,"column":15},"end":{"line":19,"column":29}},"loc":{"start":{"line":19,"column":40},"end":{"line":46,"column":null}}}},"branchMap":{"0":{"loc":{"start":{"line":24,"column":4},"end":{"line":29,"column":null}},"type":"if","locations":[{"start":{"line":24,"column":4},"end":{"line":29,"column":null}}]},"1":{"loc":{"start":{"line":31,"column":4},"end":{"line":36,"column":null}},"type":"if","locations":[{"start":{"line":31,"column":4},"end":{"line":36,"column":null}}]},"2":{"loc":{"start":{"line":39,"column":4},"end":{"line":43,"column":8}},"type":"if","locations":[{"start":{"line":39,"column":4},"end":{"line":43,"column":8}}]}},"s":{"0":1,"1":4,"2":4,"3":4,"4":1,"5":3,"6":1,"7":2,"8":2,"9":1,"10":1,"11":1},"f":{"0":4,"1":4},"b":{"0":[1],"1":[1],"2":[1]}}
,"C:\\Users\\Augustin\\Documents\\exo_paradigme\\packages\\1-POO\\app\\data\\mockDatabase\\userDataSource.ts": {"path":"C:\\Users\\Augustin\\Documents\\exo_paradigme\\packages\\1-POO\\app\\data\\mockDatabase\\userDataSource.ts","statementMap":{"0":{"start":{"line":8,"column":4},"end":{"line":8,"column":17}},"1":{"start":{"line":17,"column":4},"end":{"line":17,"column":52}},"2":{"start":{"line":25,"column":4},"end":{"line":25,"column":57}},"3":{"start":{"line":33,"column":4},"end":{"line":33,"column":78}},"4":{"start":{"line":37,"column":0},"end":{"line":37,"column":34}}},"fnMap":{"0":{"name":"(anonymous_0)","decl":{"start":{"line":7,"column":2},"end":{"line":7,"column":14}},"loc":{"start":{"line":7,"column":27},"end":{"line":9,"column":3}}},"1":{"name":"(anonymous_1)","decl":{"start":{"line":16,"column":9},"end":{"line":16,"column":15}},"loc":{"start":{"line":16,"column":26},"end":{"line":18,"column":3}}},"2":{"name":"(anonymous_2)","decl":{"start":{"line":24,"column":9},"end":{"line":24,"column":13}},"loc":{"start":{"line":24,"column":13},"end":{"line":26,"column":3}}},"3":{"name":"(anonymous_3)","decl":{"start":{"line":32,"column":9},"end":{"line":32,"column":22}},"loc":{"start":{"line":32,"column":39},"end":{"line":34,"column":3}}}},"branchMap":{},"s":{"0":3,"1":1,"2":1,"3":1,"4":1},"f":{"0":3,"1":1,"2":1,"3":1},"b":{}}
,"C:\\Users\\Augustin\\Documents\\exo_paradigme\\packages\\1-POO\\app\\routing\\express\\userRouter.ts": {"path":"C:\\Users\\Augustin\\Documents\\exo_paradigme\\packages\\1-POO\\app\\routing\\express\\userRouter.ts","statementMap":{"0":{"start":{"line":5,"column":0},"end":{"line":5,"column":53}},"1":{"start":{"line":8,"column":19},"end":{"line":34,"column":1}},"2":{"start":{"line":9,"column":17},"end":{"line":9,"column":33}},"3":{"start":{"line":11,"column":2},"end":{"line":21,"column":5}},"4":{"start":{"line":11,"column":57},"end":{"line":21,"column":4}},"5":{"start":{"line":14,"column":4},"end":{"line":20,"column":null}},"6":{"start":{"line":15,"column":6},"end":{"line":15,"column":42}},"7":{"start":{"line":16,"column":6},"end":{"line":16,"column":29}},"8":{"start":{"line":19,"column":6},"end":{"line":19,"column":63}},"9":{"start":{"line":23,"column":2},"end":{"line":31,"column":5}},"10":{"start":{"line":23,"column":56},"end":{"line":31,"column":4}},"11":{"start":{"line":24,"column":4},"end":{"line":30,"column":null}},"12":{"start":{"line":25,"column":19},"end":{"line":25,"column":46}},"13":{"start":{"line":26,"column":6},"end":{"line":26,"column":33}},"14":{"start":{"line":29,"column":6},"end":{"line":29,"column":63}},"15":{"start":{"line":33,"column":2},"end":{"line":33,"column":16}},"16":{"start":{"line":36,"column":0},"end":{"line":36,"column":26}}},"fnMap":{"0":{"name":"(anonymous_8)","decl":{"start":{"line":8,"column":19},"end":{"line":8,"column":20}},"loc":{"start":{"line":8,"column":50},"end":{"line":34,"column":1}}},"1":{"name":"(anonymous_9)","decl":{"start":{"line":11,"column":19},"end":{"line":11,"column":26}},"loc":{"start":{"line":11,"column":57},"end":{"line":21,"column":4}}},"2":{"name":"(anonymous_10)","decl":{"start":{"line":11,"column":57},"end":{"line":11,"column":null}},"loc":{"start":{"line":11,"column":57},"end":{"line":21,"column":3}}},"3":{"name":"(anonymous_11)","decl":{"start":{"line":23,"column":18},"end":{"line":23,"column":25}},"loc":{"start":{"line":23,"column":56},"end":{"line":31,"column":4}}},"4":{"name":"(anonymous_12)","decl":{"start":{"line":23,"column":56},"end":{"line":23,"column":null}},"loc":{"start":{"line":23,"column":56},"end":{"line":31,"column":3}}}},"branchMap":{"0":{"loc":{"start":{"line":19,"column":27},"end":{"line":19,"column":61}},"type":"binary-expr","locations":[{"start":{"line":19,"column":27},"end":{"line":19,"column":39}},{"start":{"line":19,"column":43},"end":{"line":19,"column":61}}]},"1":{"loc":{"start":{"line":19,"column":27},"end":{"line":19,"column":39}},"type":"cond-expr","locations":[{"start":{"line":19,"column":30},"end":{"line":19,"column":32}},{"start":{"line":19,"column":27},"end":{"line":19,"column":39}}]},"2":{"loc":{"start":{"line":19,"column":27},"end":{"line":19,"column":32}},"type":"binary-expr","locations":[{"start":{"line":19,"column":27},"end":{"line":19,"column":32}},{"start":{"line":19,"column":27},"end":{"line":19,"column":32}}]},"3":{"loc":{"start":{"line":29,"column":27},"end":{"line":29,"column":61}},"type":"binary-expr","locations":[{"start":{"line":29,"column":27},"end":{"line":29,"column":39}},{"start":{"line":29,"column":43},"end":{"line":29,"column":61}}]},"4":{"loc":{"start":{"line":29,"column":27},"end":{"line":29,"column":39}},"type":"cond-expr","locations":[{"start":{"line":29,"column":30},"end":{"line":29,"column":32}},{"start":{"line":29,"column":27},"end":{"line":29,"column":39}}]},"5":{"loc":{"start":{"line":29,"column":27},"end":{"line":29,"column":32}},"type":"binary-expr","locations":[{"start":{"line":29,"column":27},"end":{"line":29,"column":32}},{"start":{"line":29,"column":27},"end":{"line":29,"column":32}}]}},"s":{"0":1,"1":1,"2":1,"3":1,"4":2,"5":2,"6":2,"7":1,"8":1,"9":1,"10":1,"11":1,"12":1,"13":1,"14":0,"15":1,"16":1},"f":{"0":1,"1":2,"2":2,"3":1,"4":1},"b":{"0":[1,0],"1":[0,1],"2":[1,1],"3":[0,0],"4":[0,0],"5":[0,0]}}
}
