TN:
SF:app\server.ts
FNF:0
FNH:0
DA:1,1
DA:3,1
DA:4,1
DA:5,1
LF:4
LH:4
BRF:0
BRH:0
end_of_record
TN:
SF:app\business\UserBusiness.ts
FN:15,(anonymous_8)
FN:25,(anonymous_9)
FN:39,(anonymous_11)
FNF:3
FNH:2
FNDA:4,(anonymous_8)
FNDA:4,(anonymous_9)
FNDA:0,(anonymous_11)
DA:3,1
DA:16,4
DA:26,4
DA:27,4
DA:28,4
DA:29,3
DA:31,1
DA:32,1
DA:40,0
DA:44,1
LF:10
LH:9
BRDA:28,0,0,3
BRF:1
BRH:1
end_of_record
TN:
SF:app\business\validators\userValidator.ts
FN:9,(anonymous_8)
FN:19,(anonymous_9)
FNF:2
FNH:2
FNDA:4,(anonymous_8)
FNDA:4,(anonymous_9)
DA:1,1
DA:10,4
DA:20,4
DA:24,4
DA:25,1
DA:31,3
DA:32,1
DA:38,2
DA:39,2
DA:40,1
DA:45,1
DA:49,1
LF:12
LH:12
BRDA:24,0,0,1
BRDA:31,1,0,1
BRDA:39,2,0,1
BRF:3
BRH:3
end_of_record
TN:
SF:app\data\mockDatabase\userDataSource.ts
FN:7,(anonymous_0)
FN:16,(anonymous_1)
FN:24,(anonymous_2)
FN:32,(anonymous_3)
FNF:4
FNH:4
FNDA:3,(anonymous_0)
FNDA:1,(anonymous_1)
FNDA:1,(anonymous_2)
FNDA:1,(anonymous_3)
DA:8,3
DA:17,1
DA:25,1
DA:33,1
DA:37,1
LF:5
LH:5
BRF:0
BRH:0
end_of_record
TN:
SF:app\routing\express\userRouter.ts
FN:8,(anonymous_8)
FN:11,(anonymous_9)
FN:11,(anonymous_10)
FN:23,(anonymous_11)
FN:23,(anonymous_12)
FNF:5
FNH:5
FNDA:1,(anonymous_8)
FNDA:2,(anonymous_9)
FNDA:2,(anonymous_10)
FNDA:1,(anonymous_11)
FNDA:1,(anonymous_12)
DA:5,1
DA:8,1
DA:9,1
DA:11,2
DA:14,2
DA:15,2
DA:16,1
DA:19,1
DA:23,1
DA:24,1
DA:25,1
DA:26,1
DA:29,0
DA:33,1
DA:36,1
LF:15
LH:14
BRDA:19,0,0,1
BRDA:19,0,1,0
BRDA:19,1,0,0
BRDA:19,1,1,1
BRDA:19,2,0,1
BRDA:19,2,1,1
BRDA:29,3,0,0
BRDA:29,3,1,0
BRDA:29,4,0,0
BRDA:29,4,1,0
BRDA:29,5,0,0
BRDA:29,5,1,0
BRF:12
BRH:4
end_of_record
